<?xml version="1.0" encoding="UTF-8"?>
<!-- Generated by org.testng.reporters.JUnitReportReporter -->
<testsuite skipped="0" hostname="ENPPHMANL0117" name="pageTest.FeedbackFormTest" tests="1" failures="0" timestamp="2021-04-07T13:16:32 CST" time="7.590" errors="0">
  <testcase name="submitFeedback" time="7.590" classname="pageTest.FeedbackFormTest"/>
  <system-out/>
</testsuite> <!-- pageTest.FeedbackFormTest -->
