<?xml version="1.0" encoding="UTF-8"?>
<!-- Generated by org.testng.reporters.JUnitReportReporter -->
<testsuite hostname="ENPPHMANL0117" failures="0" tests="1" name="pageTest.GeneralLoginTest" time="37.731" errors="0" timestamp="2022-02-14T18:01:50 CST" skipped="0">
  <testcase classname="pageTest.GeneralLoginTest" name="generalLogin" time="37.731"/>
  <system-out/>
</testsuite> <!-- pageTest.GeneralLoginTest -->
