<?xml version="1.0" encoding="UTF-8"?>
<!-- Generated by org.testng.reporters.JUnitReportReporter -->
<testsuite hostname="ENPPHMANL0117" failures="0" tests="1" name="pageTest.CreateGeneralTest" time="30.159" errors="0" timestamp="2022-02-10T15:26:22 CST" skipped="0">
  <testcase classname="pageTest.CreateGeneralTest" name="createGeneral" time="30.159"/>
  <system-out/>
</testsuite> <!-- pageTest.CreateGeneralTest -->
