<?xml version="1.0" encoding="UTF-8"?>
<!-- Generated by org.testng.reporters.JUnitReportReporter -->
<testsuite skipped="0" hostname="ENPPHMANL0117" name="pageTest.NavigateCorporateColumn" tests="1" failures="0" timestamp="2020-10-30T07:56:03 CST" time="20.408" errors="0">
  <testcase name="CorporateColumnFooter" time="20.408" classname="pageTest.NavigateCorporateColumn"/>
  <system-out>
Vertiv - Official Web Site | is loaded successfully.  | is loaded successfully. Vertiv Pillars of Ethics & Compliance | is loaded successfully. About Vertiv | Careers | is loaded successfully. Executives | is loaded successfully. About Vertiv | is loaded successfully.  </system-out>
</testsuite> <!-- pageTest.NavigateCorporateColumn -->
