<?xml version="1.0" encoding="UTF-8"?>
<!-- Generated by org.testng.reporters.JUnitReportReporter -->
<testsuite skipped="0" hostname="ENPPHMANL0117" name="pageTest.FooterLinks" tests="1" failures="0" timestamp="2020-10-20T21:38:15 CST" time="19.595" errors="0">
  <testcase name="SupportColumnFooter" time="19.595" classname="pageTest.FooterLinks"/>
  <system-out/>
</testsuite> <!-- pageTest.FooterLinks -->
