<?xml version="1.0" encoding="UTF-8"?>
<!-- Generated by org.testng.reporters.JUnitReportReporter -->
<testsuite skipped="0" hostname="ENPPHMANL0117" name="pageTest.ResourcesColumnTest" tests="1" failures="0" timestamp="2020-10-20T21:30:01 CST" time="20.768" errors="0">
  <testcase name="resourcesColumn" time="20.768" classname="pageTest.ResourcesColumnTest"/>
  <system-out/>
</testsuite> <!-- pageTest.ResourcesColumnTest -->
