<?xml version="1.0" encoding="UTF-8"?>
<!-- Generated by org.testng.reporters.JUnitReportReporter -->
<testsuite hostname="ENPPHMANL0117" failures="0" tests="1" name="pageTest.CreateConsultantTest" time="40.249" errors="0" timestamp="2022-02-10T15:26:22 CST" skipped="0">
  <testcase classname="pageTest.CreateConsultantTest" name="createConsultant" time="40.249"/>
  <system-out/>
</testsuite> <!-- pageTest.CreateConsultantTest -->
