<?xml version="1.0" encoding="UTF-8"?>
<!-- Generated by org.testng.reporters.JUnitReportReporter -->
<testsuite hostname="ENPPHMANL0117" failures="0" tests="1" name="pageTest.ConsultantLoginTest" time="20.704" errors="0" timestamp="2022-02-14T18:03:50 CST" skipped="0">
  <testcase classname="pageTest.ConsultantLoginTest" name="consultantLogin" time="20.704"/>
  <system-out/>
</testsuite> <!-- pageTest.ConsultantLoginTest -->
