<?xml version="1.0" encoding="UTF-8"?>
<!-- Generated by org.testng.reporters.JUnitReportReporter -->
<testsuite skipped="0" hostname="ENPPHMANL0117" name="pageTest.sampleTest" tests="1" failures="0" timestamp="2020-10-29T15:34:40 CST" time="36.828" errors="0">
  <testcase name="mainTest" time="36.828" classname="pageTest.sampleTest"/>
  <system-out/>
</testsuite> <!-- pageTest.sampleTest -->
