<?xml version="1.0" encoding="UTF-8"?>
<!-- Generated by org.testng.reporters.JUnitReportReporter -->
<testsuite skipped="0" hostname="ENPPHMANL0117" name="pageTest.NavigateResourcesColumn" tests="1" failures="0" timestamp="2020-11-03T14:49:24 CST" time="24.883" errors="0">
  <testcase name="ResourcesColumnFooter" time="24.883" classname="pageTest.NavigateResourcesColumn"/>
  <system-out/>
</testsuite> <!-- pageTest.NavigateResourcesColumn -->
