<?xml version="1.0" encoding="UTF-8"?>
<!-- Generated by org.testng.reporters.JUnitReportReporter -->
<testsuite hostname="ENPPHMANL0117" failures="0" tests="1" name="pageTest.LoginTest" time="16.505" errors="0" timestamp="2021-12-27T21:06:29 CST" skipped="0">
  <testcase classname="pageTest.LoginTest" name="consultantLogin" time="16.505"/>
  <system-out/>
</testsuite> <!-- pageTest.LoginTest -->
