<?xml version="1.0" encoding="UTF-8"?>
<!-- Generated by org.testng.reporters.JUnitReportReporter -->
<testsuite hostname="PH-L-D9V9L63" failures="0" tests="1" name="pageTest.FeedbackFormTest" time="5.334" errors="0" timestamp="2022-07-15T20:23:02 CST" skipped="0">
  <testcase classname="pageTest.FeedbackFormTest" name="submitFeedback" time="5.334"/>
  <system-out/>
</testsuite> <!-- pageTest.FeedbackFormTest -->
