<?xml version="1.0" encoding="UTF-8"?>
<!-- Generated by org.testng.reporters.JUnitReportReporter -->
<testsuite hostname="PH-L-D9V9L63" failures="0" tests="2" name="pageTest.EloquaFormTest" time="84.808" errors="0" timestamp="2022-08-13T17:45:34 CST" skipped="0">
  <testcase classname="pageTest.EloquaFormTest" name="eloquaWithoutAttachment" time="51.092"/>
  <system-out/>
  <testcase classname="pageTest.EloquaFormTest" name="eloquaWithAttachment" time="33.716"/>
  <system-out/>
</testsuite> <!-- pageTest.EloquaFormTest -->
