<?xml version="1.0" encoding="UTF-8"?>
<!-- Generated by org.testng.reporters.JUnitReportReporter -->
<testsuite skipped="0" hostname="ENPPHMANL0117" name="pageTest.CreateAccountTest" tests="1" failures="0" timestamp="2020-09-25T15:05:11 CST" time="28.619" errors="0">
  <testcase name="create" time="28.619" classname="pageTest.CreateAccountTest"/>
  <system-out/>
</testsuite> <!-- pageTest.CreateAccountTest -->
