<?xml version="1.0" encoding="UTF-8"?>
<!-- Generated by org.testng.reporters.JUnitReportReporter -->
<testsuite hostname="ENPPHMANL0117" failures="0" tests="2" name="pageTest.EloquaFormTest" time="25.739" errors="0" timestamp="2022-02-13T17:14:27 CST" skipped="0">
  <testcase classname="pageTest.EloquaFormTest" name="eloquaWithoutAttachment" time="10.214"/>
  <system-out/>
  <testcase classname="pageTest.EloquaFormTest" name="eloquaWithAttachment" time="15.525"/>
  <system-out/>
</testsuite> <!-- pageTest.EloquaFormTest -->
