<?xml version="1.0" encoding="UTF-8"?>
<!-- Generated by org.testng.reporters.JUnitReportReporter -->
<testsuite hostname="ENPPHMANL0117" failures="0" tests="1" name="pageTest.NavigateCorporateColumnTest" time="130.141" errors="0" timestamp="2021-08-10T15:33:56 CST" skipped="0">
  <testcase classname="pageTest.NavigateCorporateColumnTest" name="CorporateColumnFooter" time="130.141"/>
  <system-out/>
</testsuite> <!-- pageTest.NavigateCorporateColumnTest -->
