<?xml version="1.0" encoding="UTF-8"?>
<!-- Generated by org.testng.reporters.JUnitReportReporter -->
<testsuite hostname="ENPPHMANL0117" failures="0" tests="1" name="pageTest.NavigateResourcesColumnTest" time="155.250" errors="0" timestamp="2021-08-10T15:33:56 CST" skipped="0">
  <testcase classname="pageTest.NavigateResourcesColumnTest" name="ResourcesColumnFooter" time="155.250"/>
  <system-out/>
</testsuite> <!-- pageTest.NavigateResourcesColumnTest -->
