<?xml version="1.0" encoding="UTF-8"?>
<!-- Generated by org.testng.reporters.JUnitReportReporter -->
<testsuite hostname="ENPPHMANL0117" failures="0" tests="1" name="pageTest.CreateConsultantTest" time="0.000" errors="0" timestamp="2020-11-23T21:26:12 CST" skipped="1">
  <testcase classname="pageTest.CreateConsultantTest" name="createConsultant" time="0.000">
    <skipped/>
  </testcase> <!-- createConsultant -->
  <system-out/>
</testsuite> <!-- pageTest.CreateConsultantTest -->
