<?xml version="1.0" encoding="UTF-8"?>
<!-- Generated by org.testng.reporters.JUnitReportReporter -->
<testsuite hostname="ENPPHMANL0117" failures="0" tests="2" name="pageTest.EloquaFormTest" time="0.000" errors="0" timestamp="2020-11-23T21:26:12 CST" skipped="2">
  <testcase classname="pageTest.EloquaFormTest" name="login" time="0.000">
    <skipped/>
  </testcase> <!-- login -->
  <system-out/>
  <testcase classname="pageTest.EloquaFormTest" name="eloquaWithAttachment" time="0.000">
    <skipped/>
  </testcase> <!-- eloquaWithAttachment -->
  <system-out/>
</testsuite> <!-- pageTest.EloquaFormTest -->
